---------- Date: 2016-12-22 18:06:12 ~ IP : ::1 ----------
REQUEST URI : /group08/admin/index.php?route=common/dashboard&token=qcNZwizysp1HeAuU6oh0pHysVbsZGE9e
MOD DETAILS:
   modFile   : C:\xampp\htdocs\group08\vqmod/xml/a_vqmod_d_quickcheckout.xml
   id        : AJAX QUICK CHECKOUT V6 BY DREAMVENTION
   version   : 2.0.0.0
   vqmver    : 2.2.1
   author    : dreamvention.com
VQModObject::parseMods - Could not resolve path for [system/library/tax.php] (SKIPPED)
VQModObject::parseMods - Could not resolve path for [system/library/tax.php] (SKIPPED)
VQModObject::parseMods - Could not resolve path for [system/library/tax.php] (SKIPPED)
----------------------------------------------------------------------


---------- Date: 2016-12-22 18:06:54 ~ IP : ::1 ----------
REQUEST URI : /group08/admin/index.php?route=extension/module/d_quickcheckout&token=qcNZwizysp1HeAuU6oh0pHysVbsZGE9e
MOD DETAILS:
   modFile   : C:\xampp\htdocs\group08\vqmod/xml/a_vqmod_d_quickcheckout.xml
   id        : AJAX QUICK CHECKOUT V6 BY DREAMVENTION
   version   : 2.0.0.0
   vqmver    : 2.2.1
   author    : dreamvention.com
VQModObject::parseMods - Could not resolve path for [system/library/tax.php] (SKIPPED)
VQModObject::parseMods - Could not resolve path for [system/library/tax.php] (SKIPPED)
VQModObject::parseMods - Could not resolve path for [system/library/tax.php] (SKIPPED)
MOD DETAILS:
   modFile   : C:\xampp\htdocs\group08\vqmod/xml/a_vqmod_shopunity.xml
   id        : d_shopunity
   version   : 3.0.0
   vqmver    : 2.1.1
   author    : shopunity.net

File Name    : admin/view/template/common/header.tpl(0)
VQModObject::applyMod - SEARCH NOT FOUND (ABORTING MOD): <li class="dropdown"><a class="dropdown-toggle" data-toggle="dropdown"><span class="label label-danger pull-left"><?php echo $alerts; ?></span> <i class="fa fa-bell fa-lg"></i></a>

----------------------------------------------------------------------


